SoulIntentionAndroid/app/manifest-merger-release-report.txt
-- Merging decision tree log ---
manifest
ADDED from AndroidManifest.xml:2:1
	xmlns:tools
		ADDED from AndroidManifest.xml:3:5
	xmlns:android
		ADDED from AndroidManifest.xml:2:11
	package
		ADDED from AndroidManifest.xml:4:5
		INJECTED from AndroidManifest.xml:0:0
		INJECTED from AndroidManifest.xml:0:0
	android:versionName
		INJECTED from AndroidManifest.xml:0:0
		INJECTED from AndroidManifest.xml:0:0
	android:versionCode
		INJECTED from AndroidManifest.xml:0:0
		INJECTED from AndroidManifest.xml:0:0
uses-permission#android.permission.INTERNET
ADDED from AndroidManifest.xml:6:5
MERGED from com.github.asne:asne-facebook:0.3.3:12:5
MERGED from com.github.asne:asne-core:0.3.3:13:5
MERGED from com.github.asne:asne-twitter:0.3.3:12:5
MERGED from com.github.asne:asne-core:0.3.3:13:5
	android:name
		ADDED from AndroidManifest.xml:6:22
uses-permission#android.permission.ACCESS_NETWORK_STATE
ADDED from AndroidManifest.xml:7:5
	android:name
		ADDED from AndroidManifest.xml:7:22
uses-permission#android.permission.READ_PHONE_STATE
ADDED from AndroidManifest.xml:8:5
	android:name
		ADDED from AndroidManifest.xml:8:22
uses-permission#android.permission.WAKE_LOCK
ADDED from AndroidManifest.xml:9:5
	android:name
		ADDED from AndroidManifest.xml:9:22
permission#com.maryjorapini.soulintention.permission.C2D_MESSAGE
ADDED from AndroidManifest.xml:10:5
	android:protectionLevel
		ADDED from AndroidManifest.xml:12:9
	android:name
		ADDED from AndroidManifest.xml:11:9
uses-permission#com.google.android.c2dm.permission.RECEIVE
ADDED from AndroidManifest.xml:15:5
	android:name
		ADDED from AndroidManifest.xml:15:22
uses-permission#com.maryjorapini.soulintention.permission.C2D_MESSAGE
ADDED from AndroidManifest.xml:17:5
	android:name
		ADDED from AndroidManifest.xml:17:22
uses-permission#android.permission.VIBRATE
ADDED from AndroidManifest.xml:18:5
	android:name
		ADDED from AndroidManifest.xml:18:22
application
ADDED from AndroidManifest.xml:19:5
MERGED from com.android.support:support-v13:21.0.0:16:5
MERGED from com.android.support:support-v4:21.0.2:16:5
MERGED from com.github.asne:asne-facebook:0.3.3:15:5
MERGED from com.facebook.android:facebook-android-sdk:3.19.1:24:5
MERGED from com.android.support:support-v4:21.0.2:16:5
MERGED from com.github.asne:asne-core:0.3.3:16:5
MERGED from com.android.support:appcompat-v7:21.0.2:16:5
MERGED from com.android.support:support-v4:21.0.2:16:5
MERGED from com.android.support:appcompat-v7:21.0.2:16:5
MERGED from com.android.support:support-v4:21.0.2:16:5
MERGED from com.github.asne:asne-twitter:0.3.3:15:5
MERGED from com.github.asne:asne-core:0.3.3:16:5
MERGED from com.android.support:appcompat-v7:21.0.2:16:5
MERGED from com.android.support:support-v4:21.0.2:16:5
MERGED from com.android.support:appcompat-v7:21.0.2:16:5
MERGED from com.android.support:support-v4:21.0.2:16:5
MERGED from com.google.android.gms:play-services:6.5.87:20:5
MERGED from com.android.support:support-v4:21.0.2:16:5
	android:label
		ADDED from AndroidManifest.xml:22:9
	android:allowBackup
		ADDED from AndroidManifest.xml:20:9
	android:icon
		ADDED from AndroidManifest.xml:21:9
	android:theme
		ADDED from AndroidManifest.xml:23:9
activity#com.maryjorapini.soulintention.MainFragmentActivity
ADDED from AndroidManifest.xml:24:9
	android:windowSoftInputMode
		ADDED from AndroidManifest.xml:29:13
	android:screenOrientation
		ADDED from AndroidManifest.xml:28:13
	android:label
		ADDED from AndroidManifest.xml:26:13
	android:name
		ADDED from AndroidManifest.xml:25:13
	android:launchMode
		ADDED from AndroidManifest.xml:27:13
activity#com.maryjorapini.soulintention.SplashActivity
ADDED from AndroidManifest.xml:32:9
	android:windowSoftInputMode
		ADDED from AndroidManifest.xml:36:13
	android:screenOrientation
		ADDED from AndroidManifest.xml:35:13
	android:configChanges
		ADDED from AndroidManifest.xml:34:13
	android:theme
		ADDED from AndroidManifest.xml:37:13
	android:name
		ADDED from AndroidManifest.xml:33:13
intent-filter#android.intent.action.MAIN+android.intent.category.LAUNCHER
ADDED from AndroidManifest.xml:38:13
action#android.intent.action.MAIN
ADDED from AndroidManifest.xml:39:17
	android:name
		ADDED from AndroidManifest.xml:39:25
category#android.intent.category.LAUNCHER
ADDED from AndroidManifest.xml:41:17
	android:name
		ADDED from AndroidManifest.xml:41:27
receiver#com.maryjorapini.soulintention.gcm.GcmBroadcastReceiver
ADDED from AndroidManifest.xml:44:9
	android:permission
		ADDED from AndroidManifest.xml:46:13
	android:name
		ADDED from AndroidManifest.xml:45:13
intent-filter#com.google.android.c2dm.intent.RECEIVE+com.google.android.c2dm.intent.REGISTRATION+com.maryjorapini.soulintention
ADDED from AndroidManifest.xml:47:13
action#com.google.android.c2dm.intent.REGISTRATION
ADDED from AndroidManifest.xml:48:17
	android:name
		ADDED from AndroidManifest.xml:48:25
action#com.google.android.c2dm.intent.RECEIVE
ADDED from AndroidManifest.xml:49:17
	android:name
		ADDED from AndroidManifest.xml:49:25
category#com.maryjorapini.soulintention
ADDED from AndroidManifest.xml:51:17
	android:name
		ADDED from AndroidManifest.xml:51:27
intent-filter#android.intent.action.VIEW+android.intent.category.BROWSABLE+android.intent.category.DEFAULT
ADDED from AndroidManifest.xml:54:13
action#android.intent.action.VIEW
ADDED from AndroidManifest.xml:55:17
	android:name
		ADDED from AndroidManifest.xml:55:25
category#android.intent.category.DEFAULT
ADDED from AndroidManifest.xml:56:17
	android:name
		ADDED from AndroidManifest.xml:56:27
category#android.intent.category.BROWSABLE
ADDED from AndroidManifest.xml:57:17
	android:name
		ADDED from AndroidManifest.xml:57:27
data
ADDED from AndroidManifest.xml:58:17
	android:host
		ADDED from AndroidManifest.xml:58:46
	android:scheme
		ADDED from AndroidManifest.xml:58:23
intent-filter#android.intent.action.PACKAGE_REPLACED
ADDED from AndroidManifest.xml:62:13
action#android.intent.action.PACKAGE_REPLACED
ADDED from AndroidManifest.xml:63:17
	android:name
		ADDED from AndroidManifest.xml:63:25
service#com.maryjorapini.soulintention.gcm.GcmIntentService
ADDED from AndroidManifest.xml:70:9
	android:enabled
		ADDED from AndroidManifest.xml:72:13
	android:name
		ADDED from AndroidManifest.xml:71:13
meta-data#com.facebook.sdk.ApplicationId
ADDED from AndroidManifest.xml:73:9
	android:name
		ADDED from AndroidManifest.xml:74:13
	android:value
		ADDED from AndroidManifest.xml:75:13
uses-sdk
INJECTED from AndroidManifest.xml:0:0 reason: use-sdk injection requested
MERGED from com.android.support:support-v13:21.0.0:15:5
MERGED from com.android.support:support-v4:21.0.2:15:5
MERGED from com.github.asne:asne-facebook:0.3.3:8:5
MERGED from com.facebook.android:facebook-android-sdk:3.19.1:20:5
MERGED from com.android.support:support-v4:21.0.2:15:5
MERGED from com.github.asne:asne-core:0.3.3:8:5
MERGED from com.android.support:appcompat-v7:21.0.2:15:5
MERGED from com.android.support:support-v4:21.0.2:15:5
MERGED from com.android.support:appcompat-v7:21.0.2:15:5
MERGED from com.android.support:support-v4:21.0.2:15:5
MERGED from com.github.asne:asne-twitter:0.3.3:8:5
MERGED from com.github.asne:asne-core:0.3.3:8:5
MERGED from com.android.support:appcompat-v7:21.0.2:15:5
MERGED from com.android.support:support-v4:21.0.2:15:5
MERGED from com.android.support:appcompat-v7:21.0.2:15:5
MERGED from com.android.support:support-v4:21.0.2:15:5
MERGED from com.google.android.gms:play-services:6.5.87:18:5
MERGED from com.android.support:support-v4:21.0.2:15:5
	android:targetSdkVersion
		INJECTED from AndroidManifest.xml:0:0
		INJECTED from AndroidManifest.xml:0:0
	android:minSdkVersion
		INJECTED from AndroidManifest.xml:0:0
		INJECTED from AndroidManifest.xml:0:0
uses-permission#android.permission.READ_EXTERNAL_STORAGE
ADDED from com.github.asne:asne-facebook:0.3.3:13:5
MERGED from com.github.asne:asne-core:0.3.3:14:5
MERGED from com.github.asne:asne-twitter:0.3.3:13:5
MERGED from com.github.asne:asne-core:0.3.3:14:5
	android:name
		ADDED from com.github.asne:asne-facebook:0.3.3:13:22
activity#com.facebook.LoginActivity
ADDED from com.github.asne:asne-facebook:0.3.3:16:9
	android:theme
		ADDED from com.github.asne:asne-facebook:0.3.3:18:13
	android:name
		ADDED from com.github.asne:asne-facebook:0.3.3:17:13
activity#com.github.gorbin.asne.core.OAuthActivity
ADDED from com.github.asne:asne-core:0.3.3:17:9
MERGED from com.github.asne:asne-core:0.3.3:17:9
	android:theme
		ADDED from com.github.asne:asne-core:0.3.3:19:13
	android:name
		ADDED from com.github.asne:asne-core:0.3.3:18:13
meta-data#com.google.android.gms.version
ADDED from com.google.android.gms:play-services:6.5.87:21:9
	android:name
		ADDED from com.google.android.gms:play-services:6.5.87:22:13
	android:value
		ADDED from com.google.android.gms:play-services:6.5.87:23:13